--2024-03-31 22:09:35--  
Resolving quickconnect.to (quickconnect.to)... 2a02:6ea0:c222:1::91, 143.244.58.91
Connecting to quickconnect.to (quickconnect.to)|2a02:6ea0:c222:1::91|:443... connected.
HTTP request sent, awaiting response... 200 OK
Length: 1750323 (1,7M) [application/octet-stream]
Saving to: ‘P1010002.JPG’

     0K .......... .......... .......... .......... ..........  2%  345K 5s
    50K .......... .......... .......... .......... ..........  5%  319K 5s
   100K .......... .......... .......... .......... ..........  8%  553K 4s
   150K .......... .......... .......... .......... .......... 11%  658K 4s
   200K .......... .......... .......... .......... .......... 14%  454K 3s
   250K .......... .......... .......... .......... .......... 17%  480K 3s
   300K .......... .......... .......... .......... .......... 20%  595K 3s
   350K .......... .......... .......... .......... .......... 23%  796K 3s
   400K .......... .......... .......... .......... .......... 26% 1,44M 2s
   450K .......... .......... .......... .......... .......... 29% 1,04M 2s
   500K .......... .......... .......... .......... .......... 32% 1022K 2s
   550K .......... .......... .......... .......... .......... 35%  468K 2s
   600K .......... .......... .......... .......... .......... 38%  618K 2s
   650K .......... .......... .......... .......... .......... 40%  315K 2s
   700K .......... .......... .......... .......... .......... 43%  416K 2s
   750K .......... .......... .......... .......... .......... 46%  294K 2s
   800K .......... .......... .......... .......... .......... 49%  490K 2s
   850K .......... .......... .......... .......... .......... 52%  596K 2s
   900K .......... .......... .......... .......... .......... 55% 9,68M 1s
   950K .......... .......... .......... .......... .......... 58% 1,04M 1s
  1000K .......... .......... .......... .......... .......... 61%  847K 1s
  1050K .......... .......... .......... .......... .......... 64%  442K 1s
  1100K .......... .......... .......... .......... .......... 67%  491K 1s
  1150K .......... .......... .......... .......... .......... 70%  406K 1s
  1200K .......... .......... .......... .......... .......... 73%  879K 1s
  1250K .......... .......... .......... .......... .......... 76% 1,04M 1s
  1300K .......... .......... .......... .......... .......... 78%  926K 1s
  1350K .......... .......... .......... .......... .......... 81% 1019K 1s
  1400K .......... .......... .......... .......... .......... 84%  979K 0s
  1450K .......... .......... .......... .......... .......... 87%  642K 0s
  1500K .......... .......... .......... .......... .......... 90%  400K 0s
  1550K .......... .......... .......... .......... .......... 93%  544K 0s
  1600K .......... .......... .......... .......... .......... 96%  806K 0s
  1650K .......... .......... .......... .......... .......... 99%  500K 0s
  1700K .........                                             100%  131M=2,9s

2024-03-31 22:09:38 (580 KB/s) - ‘P1010002.JPG’ saved [1750323/1750323]
